<?xml version="1.0" encoding="UTF-8"?>
<testsuite xmlns:xsi="http://www.w3.org/2001/XMLSchema-instance" xsi:noNamespaceSchemaLocation="https://maven.apache.org/surefire/maven-surefire-plugin/xsd/surefire-test-report-3.0.xsd" version="3.0" name="dev.mars.mcp.McpServerVerticleTest$StreamableHttpTransport" time="0.342" tests="10" errors="0" skipped="0" failures="0">
  <properties>
[...]
</properties>
  <testcase name="request_without_session_returns_400(Vertx, VertxTestContext)" classname="dev.mars.mcp.McpServerVerticleTest$StreamableHttpTransport" time="0.042">
    <system-err><![CDATA[Mar 03, 2026 12:04:33 PM dev.mars.mcp.McpServerVerticle lambda$start$0
INFO: MCP server started on port 51236 (basePath="", protocol=2025-03-26)
Mar 03, 2026 12:04:33 PM dev.mars.mcp.McpServerVerticle handleSingleRequest
WARNING: MCP request without valid session: method=ping sessionId=null
]]></system-err>
  </testcase>
  <testcase name="tools_list_returns_tools(Vertx, VertxTestContext)" classname="dev.mars.mcp.McpServerVerticleTest$StreamableHttpTransport" time="0.038">
    <system-err><![CDATA[Mar 03, 2026 12:04:33 PM dev.mars.mcp.McpServerVerticle lambda$start$0
INFO: MCP server started on port 51238 (basePath="", protocol=2025-03-26)
Mar 03, 2026 12:04:33 PM dev.mars.mcp.McpServerVerticle handleSingleRequest
INFO: MCP request: method=initialize id=1
Mar 03, 2026 12:04:33 PM dev.mars.mcp.McpServerVerticle dispatch
INFO: MCP initialize handshake: protocolVersion=2025-03-26
Mar 03, 2026 12:04:33 PM dev.mars.mcp.McpServerVerticle lambda$handleSingleRequest$0
INFO: MCP session created: cf48a63c-10d6-47c5-a12b-6776ee7632bd
Mar 03, 2026 12:04:33 PM dev.mars.mcp.McpServerVerticle handleSingleRequest
INFO: MCP request: method=tools/list id=3
Mar 03, 2026 12:04:33 PM dev.mars.mcp.McpServerVerticle dispatch
INFO: MCP tools/list: returning 2 tool(s)
]]></system-err>
  </testcase>
  <testcase name="notification_returns_202(Vertx, VertxTestContext)" classname="dev.mars.mcp.McpServerVerticleTest$StreamableHttpTransport" time="0.031">
    <system-err><![CDATA[Mar 03, 2026 12:04:33 PM dev.mars.mcp.McpServerVerticle lambda$start$0
INFO: MCP server started on port 51241 (basePath="", protocol=2025-03-26)
]]></system-err>
  </testcase>
  <testcase name="tools_call_invokes_tool(Vertx, VertxTestContext)" classname="dev.mars.mcp.McpServerVerticleTest$StreamableHttpTransport" time="0.034">
    <system-err><![CDATA[Mar 03, 2026 12:04:33 PM dev.mars.mcp.McpServerVerticle lambda$start$0
INFO: MCP server started on port 51243 (basePath="", protocol=2025-03-26)
Mar 03, 2026 12:04:33 PM dev.mars.mcp.McpServerVerticle handleSingleRequest
INFO: MCP request: method=initialize id=1
Mar 03, 2026 12:04:33 PM dev.mars.mcp.McpServerVerticle dispatch
INFO: MCP initialize handshake: protocolVersion=2025-03-26
Mar 03, 2026 12:04:33 PM dev.mars.mcp.McpServerVerticle lambda$handleSingleRequest$0
INFO: MCP session created: 0ea39282-4a53-4494-8dec-3b75aab9c806
Mar 03, 2026 12:04:33 PM dev.mars.mcp.McpServerVerticle handleSingleRequest
INFO: MCP request: method=tools/call id=4
Mar 03, 2026 12:04:33 PM dev.mars.mcp.McpServerVerticle handleToolsCall
INFO: MCP tools/call: tool=case.raiseTicket caseId=T-MCP-NEW-1
]]></system-err>
  </testcase>
  <testcase name="delete_terminates_session(Vertx, VertxTestContext)" classname="dev.mars.mcp.McpServerVerticleTest$StreamableHttpTransport" time="0.04">
    <system-err><![CDATA[Mar 03, 2026 12:04:33 PM dev.mars.mcp.McpServerVerticle lambda$start$0
INFO: MCP server started on port 51247 (basePath="", protocol=2025-03-26)
Mar 03, 2026 12:04:33 PM dev.mars.mcp.McpServerVerticle handleSingleRequest
INFO: MCP request: method=initialize id=1
Mar 03, 2026 12:04:33 PM dev.mars.mcp.McpServerVerticle dispatch
INFO: MCP initialize handshake: protocolVersion=2025-03-26
Mar 03, 2026 12:04:33 PM dev.mars.mcp.McpServerVerticle lambda$handleSingleRequest$0
INFO: MCP session created: 4a830d42-66a8-4cd0-8e35-41950ad8c164
Mar 03, 2026 12:04:33 PM dev.mars.mcp.McpServerVerticle handleMcpDelete
INFO: MCP session terminated: 4a830d42-66a8-4cd0-8e35-41950ad8c164
Mar 03, 2026 12:04:33 PM dev.mars.mcp.McpServerVerticle handleSingleRequest
WARNING: MCP request without valid session: method=ping sessionId=4a830d42-66a8-4cd0-8e35-41950ad8c164
]]></system-err>
  </testcase>
  <testcase name="get_without_session_returns_400(Vertx, VertxTestContext)" classname="dev.mars.mcp.McpServerVerticleTest$StreamableHttpTransport" time="0.031">
    <system-err><![CDATA[Mar 03, 2026 12:04:33 PM dev.mars.mcp.McpServerVerticle lambda$start$0
INFO: MCP server started on port 51251 (basePath="", protocol=2025-03-26)
]]></system-err>
  </testcase>
  <testcase name="batch_request(Vertx, VertxTestContext)" classname="dev.mars.mcp.McpServerVerticleTest$StreamableHttpTransport" time="0.035">
    <system-err><![CDATA[Mar 03, 2026 12:04:33 PM dev.mars.mcp.McpServerVerticle lambda$start$0
INFO: MCP server started on port 51253 (basePath="", protocol=2025-03-26)
Mar 03, 2026 12:04:33 PM dev.mars.mcp.McpServerVerticle handleSingleRequest
INFO: MCP request: method=initialize id=1
Mar 03, 2026 12:04:33 PM dev.mars.mcp.McpServerVerticle dispatch
INFO: MCP initialize handshake: protocolVersion=2025-03-26
Mar 03, 2026 12:04:33 PM dev.mars.mcp.McpServerVerticle lambda$handleSingleRequest$0
INFO: MCP session created: 9b49a3ec-8a54-4cbf-9c0b-3eccf67231c2
Mar 03, 2026 12:04:33 PM dev.mars.mcp.McpServerVerticle dispatch
INFO: MCP tools/list: returning 2 tool(s)
]]></system-err>
  </testcase>
  <testcase name="request_with_invalid_session_returns_404(Vertx, VertxTestContext)" classname="dev.mars.mcp.McpServerVerticleTest$StreamableHttpTransport" time="0.027">
    <system-err><![CDATA[Mar 03, 2026 12:04:33 PM dev.mars.mcp.McpServerVerticle lambda$start$0
INFO: MCP server started on port 51256 (basePath="", protocol=2025-03-26)
Mar 03, 2026 12:04:33 PM dev.mars.mcp.McpServerVerticle handleSingleRequest
WARNING: MCP request without valid session: method=ping sessionId=invalid-session
]]></system-err>
  </testcase>
  <testcase name="ping_with_session(Vertx, VertxTestContext)" classname="dev.mars.mcp.McpServerVerticleTest$StreamableHttpTransport" time="0.031">
    <system-err><![CDATA[Mar 03, 2026 12:04:33 PM dev.mars.mcp.McpServerVerticle lambda$start$0
INFO: MCP server started on port 51258 (basePath="", protocol=2025-03-26)
Mar 03, 2026 12:04:33 PM dev.mars.mcp.McpServerVerticle handleSingleRequest
INFO: MCP request: method=initialize id=1
Mar 03, 2026 12:04:33 PM dev.mars.mcp.McpServerVerticle dispatch
INFO: MCP initialize handshake: protocolVersion=2025-03-26
Mar 03, 2026 12:04:33 PM dev.mars.mcp.McpServerVerticle lambda$handleSingleRequest$0
INFO: MCP session created: 94b5a580-c11f-4db1-996b-3fe0aeb9feb3
Mar 03, 2026 12:04:33 PM dev.mars.mcp.McpServerVerticle handleSingleRequest
INFO: MCP request: method=ping id=2
]]></system-err>
  </testcase>
  <testcase name="initialize_returns_session_id_header(Vertx, VertxTestContext)" classname="dev.mars.mcp.McpServerVerticleTest$StreamableHttpTransport" time="0.031">
    <system-err><![CDATA[Mar 03, 2026 12:04:33 PM dev.mars.mcp.McpServerVerticle lambda$start$0
INFO: MCP server started on port 51261 (basePath="", protocol=2025-03-26)
Mar 03, 2026 12:04:33 PM dev.mars.mcp.McpServerVerticle handleSingleRequest
INFO: MCP request: method=initialize id=1
Mar 03, 2026 12:04:33 PM dev.mars.mcp.McpServerVerticle dispatch
INFO: MCP initialize handshake: protocolVersion=2025-03-26
Mar 03, 2026 12:04:33 PM dev.mars.mcp.McpServerVerticle lambda$handleSingleRequest$0
INFO: MCP session created: 299f32e0-f285-43e8-a57b-b3b8afb75c7e
]]></system-err>
  </testcase>
</testsuite>