<?xml version="1.0" encoding="UTF-8"?>
<testsuite xmlns:xsi="http://www.w3.org/2001/XMLSchema-instance" xsi:noNamespaceSchemaLocation="https://maven.apache.org/surefire/maven-surefire-plugin/xsd/surefire-test-report-3.0.xsd" version="3.0" name="dev.mars.mcp.McpServerVerticleTest$LegacyHttpSseTransport" time="0.745" tests="13" errors="0" skipped="0" failures="0">
  <properties>
[...]
</properties>
  <testcase name="deploys_successfully(Vertx, VertxTestContext)" classname="dev.mars.mcp.McpServerVerticleTest" time="0.379">
    <system-err><![CDATA[Mar 03, 2026 12:04:32 PM dev.mars.mcp.McpServerVerticle lambda$start$0
INFO: MCP server started on port 51202 (basePath="", protocol=2025-03-26)
]]></system-err>
  </testcase>
  <testcase name="tools_call_invokes_raise_ticket(Vertx, VertxTestContext)" classname="dev.mars.mcp.McpServerVerticleTest$LegacyHttpSseTransport" time="0.338">
    <system-err><![CDATA[Mar 03, 2026 12:04:32 PM dev.mars.mcp.McpServerVerticle lambda$start$0
INFO: MCP server started on port 51203 (basePath="", protocol=2025-03-26)
Mar 03, 2026 12:04:32 PM dev.mars.mcp.McpServerVerticle handleLegacySse
INFO: Legacy MCP session opened: e744d802-3bd3-47b8-adfa-a25d22673ea5
Mar 03, 2026 12:04:32 PM dev.mars.mcp.McpServerVerticle handleLegacyMessage
INFO: Legacy MCP request: method=tools/call id=4 sessionId=e744d802-3bd3-47b8-adfa-a25d22673ea5
Mar 03, 2026 12:04:32 PM dev.mars.mcp.McpServerVerticle handleToolsCall
INFO: MCP tools/call: tool=case.raiseTicket caseId=T-MCP-1
]]></system-err>
  </testcase>
  <testcase name="message_without_session_returns_400(Vertx, VertxTestContext)" classname="dev.mars.mcp.McpServerVerticleTest$LegacyHttpSseTransport" time="0.035">
    <system-err><![CDATA[Mar 03, 2026 12:04:32 PM dev.mars.mcp.McpServerVerticle lambda$start$0
INFO: MCP server started on port 51206 (basePath="", protocol=2025-03-26)
Mar 03, 2026 12:04:32 PM dev.mars.mcp.McpServerVerticle handleLegacyMessage
WARNING: Invalid or missing sessionId: null
]]></system-err>
  </testcase>
  <testcase name="notification_returns_202(Vertx, VertxTestContext)" classname="dev.mars.mcp.McpServerVerticleTest$LegacyHttpSseTransport" time="0.035">
    <system-err><![CDATA[Mar 03, 2026 12:04:32 PM dev.mars.mcp.McpServerVerticle lambda$start$0
INFO: MCP server started on port 51208 (basePath="", protocol=2025-03-26)
Mar 03, 2026 12:04:32 PM dev.mars.mcp.McpServerVerticle handleLegacySse
INFO: Legacy MCP session opened: 5caa0807-8822-49f1-becb-d3df4cc7fc61
]]></system-err>
  </testcase>
  <testcase name="tools_list_returns_registered_tools(Vertx, VertxTestContext)" classname="dev.mars.mcp.McpServerVerticleTest$LegacyHttpSseTransport" time="0.04">
    <system-err><![CDATA[Mar 03, 2026 12:04:32 PM dev.mars.mcp.McpServerVerticle lambda$start$0
INFO: MCP server started on port 51211 (basePath="", protocol=2025-03-26)
Mar 03, 2026 12:04:32 PM dev.mars.mcp.McpServerVerticle handleLegacySse
INFO: Legacy MCP session opened: d7170690-3b32-4bed-b2e5-dd4872d1bb71
Mar 03, 2026 12:04:32 PM dev.mars.mcp.McpServerVerticle handleLegacyMessage
INFO: Legacy MCP request: method=tools/list id=3 sessionId=d7170690-3b32-4bed-b2e5-dd4872d1bb71
Mar 03, 2026 12:04:32 PM dev.mars.mcp.McpServerVerticle dispatchLegacy
INFO: Legacy MCP tools/list: returning 2 tool(s)
]]></system-err>
  </testcase>
  <testcase name="tools_call_missing_name_returns_error(Vertx, VertxTestContext)" classname="dev.mars.mcp.McpServerVerticleTest$LegacyHttpSseTransport" time="0.039">
    <system-err><![CDATA[Mar 03, 2026 12:04:32 PM dev.mars.mcp.McpServerVerticle lambda$start$0
INFO: MCP server started on port 51214 (basePath="", protocol=2025-03-26)
Mar 03, 2026 12:04:32 PM dev.mars.mcp.McpServerVerticle handleLegacySse
INFO: Legacy MCP session opened: 139aadbf-a1c4-41c2-b220-0cab4fe2cd05
Mar 03, 2026 12:04:32 PM dev.mars.mcp.McpServerVerticle handleLegacyMessage
INFO: Legacy MCP request: method=tools/call id=7 sessionId=139aadbf-a1c4-41c2-b220-0cab4fe2cd05
Mar 03, 2026 12:04:32 PM dev.mars.mcp.McpServerVerticle handleToolsCall
WARNING: MCP tools/call: missing required parameter 'name'
Mar 03, 2026 12:04:32 PM dev.mars.mcp.McpServerVerticle lambda$handleLegacyMessage$1
WARNING: Legacy MCP error for method=tools/call id=7: Missing required parameter: name
]]></system-err>
  </testcase>
  <testcase name="message_with_invalid_session_returns_400(Vertx, VertxTestContext)" classname="dev.mars.mcp.McpServerVerticleTest$LegacyHttpSseTransport" time="0.036">
    <system-err><![CDATA[Mar 03, 2026 12:04:32 PM dev.mars.mcp.McpServerVerticle lambda$start$0
INFO: MCP server started on port 51217 (basePath="", protocol=2025-03-26)
Mar 03, 2026 12:04:32 PM dev.mars.mcp.McpServerVerticle handleLegacyMessage
WARNING: Invalid or missing sessionId: nonexistent
]]></system-err>
  </testcase>
  <testcase name="sse_endpoint_sends_endpoint_event(Vertx, VertxTestContext)" classname="dev.mars.mcp.McpServerVerticleTest$LegacyHttpSseTransport" time="0.03">
    <system-err><![CDATA[Mar 03, 2026 12:04:32 PM dev.mars.mcp.McpServerVerticle lambda$start$0
INFO: MCP server started on port 51219 (basePath="", protocol=2025-03-26)
Mar 03, 2026 12:04:32 PM dev.mars.mcp.McpServerVerticle handleLegacySse
INFO: Legacy MCP session opened: 3ae2a954-6c7d-4502-bec5-e5e3638c5255
]]></system-err>
  </testcase>
  <testcase name="unknown_method_returns_method_not_found(Vertx, VertxTestContext)" classname="dev.mars.mcp.McpServerVerticleTest$LegacyHttpSseTransport" time="0.037">
    <system-err><![CDATA[Mar 03, 2026 12:04:32 PM dev.mars.mcp.McpServerVerticle lambda$start$0
INFO: MCP server started on port 51221 (basePath="", protocol=2025-03-26)
Mar 03, 2026 12:04:32 PM dev.mars.mcp.McpServerVerticle handleLegacySse
INFO: Legacy MCP session opened: df8614d9-43be-4ab9-8ccf-7b50236e95c3
Mar 03, 2026 12:04:32 PM dev.mars.mcp.McpServerVerticle handleLegacyMessage
INFO: Legacy MCP request: method=nonexistent/method id=8 sessionId=df8614d9-43be-4ab9-8ccf-7b50236e95c3
Mar 03, 2026 12:04:32 PM dev.mars.mcp.McpServerVerticle dispatchLegacy
WARNING: Legacy MCP unknown method: nonexistent/method
Mar 03, 2026 12:04:32 PM dev.mars.mcp.McpServerVerticle lambda$handleLegacyMessage$1
WARNING: Legacy MCP error for method=nonexistent/method id=8: Method not found: nonexistent/method
]]></system-err>
  </testcase>
  <testcase name="initialize_returns_legacy_protocol_version(Vertx, VertxTestContext)" classname="dev.mars.mcp.McpServerVerticleTest$LegacyHttpSseTransport" time="0.035">
    <system-err><![CDATA[Mar 03, 2026 12:04:32 PM dev.mars.mcp.McpServerVerticle lambda$start$0
INFO: MCP server started on port 51224 (basePath="", protocol=2025-03-26)
Mar 03, 2026 12:04:32 PM dev.mars.mcp.McpServerVerticle handleLegacySse
INFO: Legacy MCP session opened: bbb1da69-c77a-4b32-9a69-118eaf6933e9
Mar 03, 2026 12:04:32 PM dev.mars.mcp.McpServerVerticle handleLegacyMessage
INFO: Legacy MCP request: method=initialize id=1 sessionId=bbb1da69-c77a-4b32-9a69-118eaf6933e9
Mar 03, 2026 12:04:32 PM dev.mars.mcp.McpServerVerticle dispatchLegacy
INFO: Legacy MCP initialize handshake: protocolVersion=2024-11-05
]]></system-err>
  </testcase>
  <testcase name="ping_returns_empty_result(Vertx, VertxTestContext)" classname="dev.mars.mcp.McpServerVerticleTest$LegacyHttpSseTransport" time="0.038">
    <system-err><![CDATA[Mar 03, 2026 12:04:32 PM dev.mars.mcp.McpServerVerticle lambda$start$0
INFO: MCP server started on port 51227 (basePath="", protocol=2025-03-26)
Mar 03, 2026 12:04:32 PM dev.mars.mcp.McpServerVerticle handleLegacySse
INFO: Legacy MCP session opened: a147835f-9ee6-4ea6-b77f-8298b008dcd4
Mar 03, 2026 12:04:32 PM dev.mars.mcp.McpServerVerticle handleLegacyMessage
INFO: Legacy MCP request: method=ping id=2 sessionId=a147835f-9ee6-4ea6-b77f-8298b008dcd4
]]></system-err>
  </testcase>
  <testcase name="tools_call_unknown_tool_returns_error(Vertx, VertxTestContext)" classname="dev.mars.mcp.McpServerVerticleTest$LegacyHttpSseTransport" time="0.034">
    <system-err><![CDATA[Mar 03, 2026 12:04:32 PM dev.mars.mcp.McpServerVerticle lambda$start$0
INFO: MCP server started on port 51230 (basePath="", protocol=2025-03-26)
Mar 03, 2026 12:04:32 PM dev.mars.mcp.McpServerVerticle handleLegacySse
INFO: Legacy MCP session opened: 36c75606-180d-4432-9aed-fc4f14c802d5
Mar 03, 2026 12:04:33 PM dev.mars.mcp.McpServerVerticle handleLegacyMessage
INFO: Legacy MCP request: method=tools/call id=6 sessionId=36c75606-180d-4432-9aed-fc4f14c802d5
Mar 03, 2026 12:04:33 PM dev.mars.mcp.McpServerVerticle handleToolsCall
WARNING: MCP tool not found: nonexistent.tool (available: [events.publish, case.raiseTicket])
Mar 03, 2026 12:04:33 PM dev.mars.mcp.McpServerVerticle lambda$handleLegacyMessage$1
WARNING: Legacy MCP error for method=tools/call id=6: Tool not found: nonexistent.tool (not allowlisted)
]]></system-err>
  </testcase>
  <testcase name="tools_call_publish_event(Vertx, VertxTestContext)" classname="dev.mars.mcp.McpServerVerticleTest$LegacyHttpSseTransport" time="0.036">
    <system-err><![CDATA[Mar 03, 2026 12:04:33 PM dev.mars.mcp.McpServerVerticle lambda$start$0
INFO: MCP server started on port 51233 (basePath="", protocol=2025-03-26)
Mar 03, 2026 12:04:33 PM dev.mars.mcp.McpServerVerticle handleLegacySse
INFO: Legacy MCP session opened: b32c0d38-f466-4a41-860d-9baf12a15408
Mar 03, 2026 12:04:33 PM dev.mars.mcp.McpServerVerticle handleLegacyMessage
INFO: Legacy MCP request: method=tools/call id=5 sessionId=b32c0d38-f466-4a41-860d-9baf12a15408
Mar 03, 2026 12:04:33 PM dev.mars.mcp.McpServerVerticle handleToolsCall
INFO: MCP tools/call: tool=events.publish caseId=T-MCP-2
]]></system-err>
  </testcase>
</testsuite>